Using pre-set license
Built from '2020.2/release' branch; Version is '2020.2.2f1 (068178b99f32) revision 426360'; Using compiler version '192528614'; Build Type 'Release'
OS: 'Windows 10 Home; OS build 18363.1379; Version 1909; 64bit' Language: 'it' Physical Memory: 16322 MB
BatchMode: 1, IsHumanControllingUs: 0, StartBugReporterOnCrash: 0, Is64bit: 1, IsPro: 0

 COMMAND LINE ARGUMENTS:
F:\2020.2.2f1\Editor\Unity.exe
-adb2
-batchMode
-noUpm
-name
AssetImportWorker0
-projectPath
C:/Users/Gabriele/Documents/signle-screen-game-Glopex/single screen project
-logFile
Logs/AssetImportWorker0.log
-srvPort
54752
Successfully changed project path to: C:/Users/Gabriele/Documents/signle-screen-game-Glopex/single screen project
C:/Users/Gabriele/Documents/signle-screen-game-Glopex/single screen project
Using Asset Import Pipeline V2.
Refreshing native plugins compatible for Editor in 47.15 ms, found 1 plugins.
Preloading 0 native plugins for Editor in 0.00 ms.
Initialize engine version: 2020.2.2f1 (068178b99f32)
[Subsystems] Discovering subsystems at path F:/2020.2.2f1/Editor/Data/Resources/UnitySubsystems
[Subsystems] Discovering subsystems at path C:/Users/Gabriele/Documents/signle-screen-game-Glopex/single screen project/Assets
GfxDevice: creating device client; threaded=0
Direct3D:
    Version:  Direct3D 11.0 [level 11.1]
    Renderer: NVIDIA GeForce GTX 1060 6GB (ID=0x1c03)
    Vendor:   
    VRAM:     6052 MB
    Driver:   27.21.14.5638
Initialize mono
Mono path[0] = 'F:/2020.2.2f1/Editor/Data/Managed'
Mono path[1] = 'F:/2020.2.2f1/Editor/Data/MonoBleedingEdge/lib/mono/unityjit'
Mono config path = 'F:/2020.2.2f1/Editor/Data/MonoBleedingEdge/etc'
Using monoOptions --debugger-agent=transport=dt_socket,embedding=1,server=y,suspend=n,address=127.0.0.1:56676
Begin MonoManager ReloadAssembly
Registering precompiled unity dll's ...
Register platform support module: F:/2020.2.2f1/Editor/Data/PlaybackEngines/WindowsStandaloneSupport/UnityEditor.WindowsStandalone.Extensions.dll
Registered in 0.006964 seconds.
Native extension for WindowsStandalone target not found
Refreshing native plugins compatible for Editor in 46.18 ms, found 1 plugins.
Preloading 0 native plugins for Editor in 0.00 ms.
Invoked RoslynAnalysisRunner static constructor.
RoslynAnalysisRunner will not be running.
RoslynAnalysisRunner has terminated.
Mono: successfully reloaded assembly
- Completed reload, in  1.661 seconds
Platform modules already initialized, skipping
Registering precompiled user dll's ...
Registered in 0.001925 seconds.
Begin MonoManager ReloadAssembly
Native extension for WindowsStandalone target not found
Refreshing native plugins compatible for Editor in 47.89 ms, found 1 plugins.
Preloading 0 native plugins for Editor in 0.00 ms.
Invoked RoslynAnalysisRunner static constructor.
RoslynAnalysisRunner will not be running.
RoslynAnalysisRunner has terminated.
Mono: successfully reloaded assembly
- Completed reload, in  1.283 seconds
Platform modules already initialized, skipping
========================================================================
Worker process is ready to serve import requests
Launched and connected shader compiler UnityShaderCompiler.exe after 0.04 seconds
Refreshing native plugins compatible for Editor in 0.41 ms, found 1 plugins.
Preloading 0 native plugins for Editor in 0.00 ms.
Unloading 2068 Unused Serialized files (Serialized files now loaded: 0)
System memory in use before: 95.0 MB.
System memory in use after: 95.1 MB.

Unloading 21 unused Assets to reduce memory usage. Loaded Objects now: 2516.
Total: 2.684100 ms (FindLiveObjects: 0.181300 ms CreateObjectMapping: 0.077900 ms MarkObjects: 2.324900 ms  DeleteObjects: 0.098900 ms)

========================================================================
Received Import Request.
  path: Assets/scripts/playerInputs.inputactions
  artifactKey: Guid(a2d3f9fce0ab53247ae1f0c69ba411b0) Importer(815301076,1909f56bfc062723c751e8b465ee728b)
Start importing Assets/scripts/playerInputs.inputactions using Guid(a2d3f9fce0ab53247ae1f0c69ba411b0) Importer(815301076,1909f56bfc062723c751e8b465ee728b)  -> (artifact id: 'be3d6af4067bc967898fb814c14f4754') in 0.046141 seconds
  Import took 0.051287 seconds .

========================================================================
Received Import Request.
  Time since last request: 0.989229 seconds.
  path: Assets/scripts/playerInputs.inputactions
  artifactKey: Guid(a2d3f9fce0ab53247ae1f0c69ba411b0) Importer(815301076,1909f56bfc062723c751e8b465ee728b)
Start importing Assets/scripts/playerInputs.inputactions using Guid(a2d3f9fce0ab53247ae1f0c69ba411b0) Importer(815301076,1909f56bfc062723c751e8b465ee728b)  -> (artifact id: '8fd30091b8b1bf4868e33c53b489e8c0') in 0.005821 seconds
  Import took 0.012169 seconds .

========================================================================
Received Import Request.
  Time since last request: 15.663733 seconds.
  path: Assets/scripts/playerInputs.inputactions
  artifactKey: Guid(a2d3f9fce0ab53247ae1f0c69ba411b0) Importer(815301076,1909f56bfc062723c751e8b465ee728b)
Start importing Assets/scripts/playerInputs.inputactions using Guid(a2d3f9fce0ab53247ae1f0c69ba411b0) Importer(815301076,1909f56bfc062723c751e8b465ee728b)  -> (artifact id: '990ac447c1484b1d829c087bd701c804') in 0.006104 seconds
  Import took 0.012145 seconds .

========================================================================
Received Import Request.
  Time since last request: 2.158856 seconds.
  path: Assets/scripts/playerInputs.inputactions
  artifactKey: Guid(a2d3f9fce0ab53247ae1f0c69ba411b0) Importer(815301076,1909f56bfc062723c751e8b465ee728b)
Start importing Assets/scripts/playerInputs.inputactions using Guid(a2d3f9fce0ab53247ae1f0c69ba411b0) Importer(815301076,1909f56bfc062723c751e8b465ee728b)  -> (artifact id: 'b3e5037d1ad3b0b2b45994aed04d2e6e') in 0.007099 seconds
  Import took 0.012282 seconds .

========================================================================
Received Import Request.
  Time since last request: 1.673997 seconds.
  path: Assets/scripts/playerInputs.inputactions
  artifactKey: Guid(a2d3f9fce0ab53247ae1f0c69ba411b0) Importer(815301076,1909f56bfc062723c751e8b465ee728b)
Start importing Assets/scripts/playerInputs.inputactions using Guid(a2d3f9fce0ab53247ae1f0c69ba411b0) Importer(815301076,1909f56bfc062723c751e8b465ee728b)  -> (artifact id: '0108a88edcaa9b698e41a85dfdae9e55') in 0.005174 seconds
  Import took 0.012454 seconds .

========================================================================
Received Import Request.
  Time since last request: 1.717528 seconds.
  path: Assets/scripts/playerInputs.inputactions
  artifactKey: Guid(a2d3f9fce0ab53247ae1f0c69ba411b0) Importer(815301076,1909f56bfc062723c751e8b465ee728b)
Start importing Assets/scripts/playerInputs.inputactions using Guid(a2d3f9fce0ab53247ae1f0c69ba411b0) Importer(815301076,1909f56bfc062723c751e8b465ee728b)  -> (artifact id: '28b8a0be7a623020c8c125aa5f64a20e') in 0.005551 seconds
  Import took 0.011885 seconds .

========================================================================
Received Import Request.
  Time since last request: 1.786757 seconds.
  path: Assets/scripts/playerInputs.inputactions
  artifactKey: Guid(a2d3f9fce0ab53247ae1f0c69ba411b0) Importer(815301076,1909f56bfc062723c751e8b465ee728b)
Start importing Assets/scripts/playerInputs.inputactions using Guid(a2d3f9fce0ab53247ae1f0c69ba411b0) Importer(815301076,1909f56bfc062723c751e8b465ee728b)  -> (artifact id: '83fd4bb905082ca417a4e6381356c035') in 0.006423 seconds
  Import took 0.011986 seconds .

========================================================================
Received Import Request.
  Time since last request: 4.507410 seconds.
  path: Assets/scripts/playerInputs.inputactions
  artifactKey: Guid(a2d3f9fce0ab53247ae1f0c69ba411b0) Importer(815301076,1909f56bfc062723c751e8b465ee728b)
Start importing Assets/scripts/playerInputs.inputactions using Guid(a2d3f9fce0ab53247ae1f0c69ba411b0) Importer(815301076,1909f56bfc062723c751e8b465ee728b)  -> (artifact id: '7e26006385b06c297c6decf0e3ad4af5') in 0.005658 seconds
  Import took 0.011038 seconds .

========================================================================
Received Import Request.
  Time since last request: 3.508659 seconds.
  path: Assets/scripts/playerInputs.inputactions
  artifactKey: Guid(a2d3f9fce0ab53247ae1f0c69ba411b0) Importer(815301076,1909f56bfc062723c751e8b465ee728b)
Start importing Assets/scripts/playerInputs.inputactions using Guid(a2d3f9fce0ab53247ae1f0c69ba411b0) Importer(815301076,1909f56bfc062723c751e8b465ee728b)  -> (artifact id: 'e500a450cee175ad41dd5588428e8c19') in 0.005776 seconds
  Import took 0.012300 seconds .

========================================================================
Received Prepare
Registering precompiled user dll's ...
Registered in 0.002139 seconds.
Begin MonoManager ReloadAssembly
Native extension for WindowsStandalone target not found
Refreshing native plugins compatible for Editor in 0.45 ms, found 1 plugins.
Preloading 0 native plugins for Editor in 0.00 ms.
Invoked RoslynAnalysisRunner static constructor.
RoslynAnalysisRunner will not be running.
RoslynAnalysisRunner has terminated.
Mono: successfully reloaded assembly
- Completed reload, in  1.189 seconds
Platform modules already initialized, skipping
Refreshing native plugins compatible for Editor in 0.43 ms, found 1 plugins.
Preloading 0 native plugins for Editor in 0.00 ms.
Unloading 2059 Unused Serialized files (Serialized files now loaded: 0)
System memory in use before: 94.9 MB.
System memory in use after: 95.0 MB.

Unloading 9 unused Assets to reduce memory usage. Loaded Objects now: 2518.
Total: 2.664800 ms (FindLiveObjects: 0.328000 ms CreateObjectMapping: 0.194200 ms MarkObjects: 2.123200 ms  DeleteObjects: 0.018100 ms)

========================================================================
Received Import Request.
  Time since last request: 240.109177 seconds.
  path: Assets/scripts/playerInputs.inputactions
  artifactKey: Guid(a2d3f9fce0ab53247ae1f0c69ba411b0) Importer(815301076,1909f56bfc062723c751e8b465ee728b)
Start importing Assets/scripts/playerInputs.inputactions using Guid(a2d3f9fce0ab53247ae1f0c69ba411b0) Importer(815301076,1909f56bfc062723c751e8b465ee728b)  -> (artifact id: 'e162fcb22faca82938d34fd0591ab49e') in 0.020452 seconds
  Import took 0.024044 seconds .

========================================================================
Received Prepare
Registering precompiled user dll's ...
Registered in 0.003324 seconds.
Begin MonoManager ReloadAssembly
Native extension for WindowsStandalone target not found
Refreshing native plugins compatible for Editor in 0.45 ms, found 1 plugins.
Preloading 0 native plugins for Editor in 0.00 ms.
Invoked RoslynAnalysisRunner static constructor.
RoslynAnalysisRunner will not be running.
RoslynAnalysisRunner has terminated.
Mono: successfully reloaded assembly
- Completed reload, in  1.963 seconds
Platform modules already initialized, skipping
Refreshing native plugins compatible for Editor in 0.64 ms, found 1 plugins.
Preloading 0 native plugins for Editor in 0.00 ms.
Unloading 2059 Unused Serialized files (Serialized files now loaded: 0)
System memory in use before: 95.0 MB.
System memory in use after: 95.1 MB.

Unloading 9 unused Assets to reduce memory usage. Loaded Objects now: 2520.
Total: 2.800500 ms (FindLiveObjects: 0.303300 ms CreateObjectMapping: 0.187400 ms MarkObjects: 2.290500 ms  DeleteObjects: 0.018000 ms)

========================================================================
Received Prepare
Registering precompiled user dll's ...
Registered in 0.001995 seconds.
Begin MonoManager ReloadAssembly
Native extension for WindowsStandalone target not found
Refreshing native plugins compatible for Editor in 0.49 ms, found 1 plugins.
Preloading 0 native plugins for Editor in 0.00 ms.
Invoked RoslynAnalysisRunner static constructor.
RoslynAnalysisRunner will not be running.
RoslynAnalysisRunner has terminated.
Mono: successfully reloaded assembly
- Completed reload, in  1.214 seconds
Platform modules already initialized, skipping
Refreshing native plugins compatible for Editor in 0.42 ms, found 1 plugins.
Preloading 0 native plugins for Editor in 0.00 ms.
Unloading 2059 Unused Serialized files (Serialized files now loaded: 0)
System memory in use before: 95.1 MB.
System memory in use after: 95.2 MB.

Unloading 9 unused Assets to reduce memory usage. Loaded Objects now: 2522.
Total: 2.125000 ms (FindLiveObjects: 0.197200 ms CreateObjectMapping: 0.081100 ms MarkObjects: 1.829000 ms  DeleteObjects: 0.016800 ms)

========================================================================
Received Import Request.
  Time since last request: 251.881493 seconds.
  path: ProjectSettings/TagManager.asset
  artifactKey: Guid(00000000000000003000000000000000) Importer(815301076,1909f56bfc062723c751e8b465ee728b)
Start importing ProjectSettings/TagManager.asset using Guid(00000000000000003000000000000000) Importer(815301076,1909f56bfc062723c751e8b465ee728b)  -> (artifact id: 'e8c3ab6b558fa7fe7c42e9a55a892947') in 0.018025 seconds
  Import took 0.021891 seconds .

========================================================================
Received Import Request.
  Time since last request: 0.001956 seconds.
  path: ProjectSettings/TagManager.asset
  artifactKey: Guid(00000000000000003000000000000000) Importer(815301076,1909f56bfc062723c751e8b465ee728b)
Start importing ProjectSettings/TagManager.asset using Guid(00000000000000003000000000000000) Importer(815301076,1909f56bfc062723c751e8b465ee728b)  -> (artifact id: 'e8c3ab6b558fa7fe7c42e9a55a892947') in 0.005156 seconds
  Import took 0.009545 seconds .

========================================================================
Received Prepare
Registering precompiled user dll's ...
Registered in 0.002185 seconds.
Begin MonoManager ReloadAssembly
Native extension for WindowsStandalone target not found
Refreshing native plugins compatible for Editor in 0.45 ms, found 1 plugins.
Preloading 0 native plugins for Editor in 0.00 ms.
Invoked RoslynAnalysisRunner static constructor.
RoslynAnalysisRunner will not be running.
RoslynAnalysisRunner has terminated.
Mono: successfully reloaded assembly
- Completed reload, in  1.151 seconds
Platform modules already initialized, skipping
Refreshing native plugins compatible for Editor in 0.50 ms, found 1 plugins.
Preloading 0 native plugins for Editor in 0.00 ms.
Unloading 2059 Unused Serialized files (Serialized files now loaded: 0)
System memory in use before: 95.2 MB.
System memory in use after: 95.3 MB.

Unloading 11 unused Assets to reduce memory usage. Loaded Objects now: 2524.
Total: 3.875500 ms (FindLiveObjects: 0.431300 ms CreateObjectMapping: 0.464000 ms MarkObjects: 2.957300 ms  DeleteObjects: 0.021000 ms)

========================================================================
Received Prepare
Registering precompiled user dll's ...
Registered in 0.002205 seconds.
Begin MonoManager ReloadAssembly
Native extension for WindowsStandalone target not found
Refreshing native plugins compatible for Editor in 0.41 ms, found 1 plugins.
Preloading 0 native plugins for Editor in 0.00 ms.
Invoked RoslynAnalysisRunner static constructor.
RoslynAnalysisRunner will not be running.
RoslynAnalysisRunner has terminated.
Mono: successfully reloaded assembly
- Completed reload, in  1.163 seconds
Platform modules already initialized, skipping
Refreshing native plugins compatible for Editor in 0.44 ms, found 1 plugins.
Preloading 0 native plugins for Editor in 0.00 ms.
Unloading 2059 Unused Serialized files (Serialized files now loaded: 0)
System memory in use before: 95.3 MB.
System memory in use after: 95.4 MB.

Unloading 9 unused Assets to reduce memory usage. Loaded Objects now: 2526.
Total: 2.691200 ms (FindLiveObjects: 0.244300 ms CreateObjectMapping: 0.207500 ms MarkObjects: 2.220100 ms  DeleteObjects: 0.017600 ms)

========================================================================
Received Prepare
Registering precompiled user dll's ...
Registered in 0.001878 seconds.
Begin MonoManager ReloadAssembly
Native extension for WindowsStandalone target not found
Refreshing native plugins compatible for Editor in 0.42 ms, found 1 plugins.
Preloading 0 native plugins for Editor in 0.00 ms.
Invoked RoslynAnalysisRunner static constructor.
RoslynAnalysisRunner will not be running.
RoslynAnalysisRunner has terminated.
Mono: successfully reloaded assembly
- Completed reload, in  1.184 seconds
Platform modules already initialized, skipping
Refreshing native plugins compatible for Editor in 0.43 ms, found 1 plugins.
Preloading 0 native plugins for Editor in 0.00 ms.
Unloading 2059 Unused Serialized files (Serialized files now loaded: 0)
System memory in use before: 95.4 MB.
System memory in use after: 95.5 MB.

Unloading 9 unused Assets to reduce memory usage. Loaded Objects now: 2528.
Total: 3.139400 ms (FindLiveObjects: 0.266800 ms CreateObjectMapping: 0.162000 ms MarkObjects: 2.690400 ms  DeleteObjects: 0.018400 ms)

========================================================================
Received Prepare
Registering precompiled user dll's ...
Registered in 0.002009 seconds.
Begin MonoManager ReloadAssembly
Native extension for WindowsStandalone target not found
Refreshing native plugins compatible for Editor in 0.44 ms, found 1 plugins.
Preloading 0 native plugins for Editor in 0.00 ms.
Invoked RoslynAnalysisRunner static constructor.
RoslynAnalysisRunner will not be running.
RoslynAnalysisRunner has terminated.
Mono: successfully reloaded assembly
- Completed reload, in  1.169 seconds
Platform modules already initialized, skipping
Refreshing native plugins compatible for Editor in 0.41 ms, found 1 plugins.
Preloading 0 native plugins for Editor in 0.00 ms.
Unloading 2059 Unused Serialized files (Serialized files now loaded: 0)
System memory in use before: 95.4 MB.
System memory in use after: 95.5 MB.

Unloading 9 unused Assets to reduce memory usage. Loaded Objects now: 2530.
Total: 3.014200 ms (FindLiveObjects: 0.344100 ms CreateObjectMapping: 0.180300 ms MarkObjects: 2.462000 ms  DeleteObjects: 0.026300 ms)

========================================================================
Received Prepare
Registering precompiled user dll's ...
Registered in 0.002028 seconds.
Begin MonoManager ReloadAssembly
Native extension for WindowsStandalone target not found
Refreshing native plugins compatible for Editor in 0.44 ms, found 1 plugins.
Preloading 0 native plugins for Editor in 0.00 ms.
Invoked RoslynAnalysisRunner static constructor.
RoslynAnalysisRunner will not be running.
RoslynAnalysisRunner has terminated.
Mono: successfully reloaded assembly
- Completed reload, in  1.360 seconds
Platform modules already initialized, skipping
Refreshing native plugins compatible for Editor in 0.42 ms, found 1 plugins.
Preloading 0 native plugins for Editor in 0.00 ms.
Unloading 2059 Unused Serialized files (Serialized files now loaded: 0)
System memory in use before: 95.5 MB.
System memory in use after: 95.6 MB.

Unloading 9 unused Assets to reduce memory usage. Loaded Objects now: 2532.
Total: 2.401100 ms (FindLiveObjects: 0.199100 ms CreateObjectMapping: 0.086500 ms MarkObjects: 2.097700 ms  DeleteObjects: 0.016400 ms)

AssetImportWorkerClient::OnTransportError - code=2 error=End of file
