Using pre-set license
Built from '2020.2/release' branch; Version is '2020.2.2f1 (068178b99f32) revision 426360'; Using compiler version '192528614'; Build Type 'Release'
OS: 'Windows 10 Home; OS build 18363.1379; Version 1909; 64bit' Language: 'it' Physical Memory: 16322 MB
BatchMode: 1, IsHumanControllingUs: 0, StartBugReporterOnCrash: 0, Is64bit: 1, IsPro: 0

 COMMAND LINE ARGUMENTS:
F:\2020.2.2f1\Editor\Unity.exe
-adb2
-batchMode
-noUpm
-name
AssetImportWorker0
-projectPath
C:/Users/Gabriele/Documents/signle-screen-game-Glopex/single screen project
-logFile
Logs/AssetImportWorker0.log
-srvPort
62568
Successfully changed project path to: C:/Users/Gabriele/Documents/signle-screen-game-Glopex/single screen project
C:/Users/Gabriele/Documents/signle-screen-game-Glopex/single screen project
Using Asset Import Pipeline V2.
Refreshing native plugins compatible for Editor in 61.61 ms, found 1 plugins.
Preloading 0 native plugins for Editor in 0.00 ms.
Initialize engine version: 2020.2.2f1 (068178b99f32)
[Subsystems] Discovering subsystems at path F:/2020.2.2f1/Editor/Data/Resources/UnitySubsystems
[Subsystems] Discovering subsystems at path C:/Users/Gabriele/Documents/signle-screen-game-Glopex/single screen project/Assets
GfxDevice: creating device client; threaded=0
Direct3D:
    Version:  Direct3D 11.0 [level 11.1]
    Renderer: NVIDIA GeForce GTX 1060 6GB (ID=0x1c03)
    Vendor:   
    VRAM:     6052 MB
    Driver:   27.21.14.5638
Initialize mono
Mono path[0] = 'F:/2020.2.2f1/Editor/Data/Managed'
Mono path[1] = 'F:/2020.2.2f1/Editor/Data/MonoBleedingEdge/lib/mono/unityjit'
Mono config path = 'F:/2020.2.2f1/Editor/Data/MonoBleedingEdge/etc'
Using monoOptions --debugger-agent=transport=dt_socket,embedding=1,server=y,suspend=n,address=127.0.0.1:56372
Begin MonoManager ReloadAssembly
Registering precompiled unity dll's ...
Register platform support module: F:/2020.2.2f1/Editor/Data/PlaybackEngines/WindowsStandaloneSupport/UnityEditor.WindowsStandalone.Extensions.dll
Registered in 0.007563 seconds.
Native extension for WindowsStandalone target not found
Refreshing native plugins compatible for Editor in 43.76 ms, found 1 plugins.
Preloading 0 native plugins for Editor in 0.00 ms.
Invoked RoslynAnalysisRunner static constructor.
RoslynAnalysisRunner will not be running.
RoslynAnalysisRunner has terminated.
Mono: successfully reloaded assembly
- Completed reload, in  1.603 seconds
Platform modules already initialized, skipping
Registering precompiled user dll's ...
Registered in 0.001978 seconds.
Begin MonoManager ReloadAssembly
Native extension for WindowsStandalone target not found
Refreshing native plugins compatible for Editor in 57.51 ms, found 1 plugins.
Preloading 0 native plugins for Editor in 0.00 ms.
Invoked RoslynAnalysisRunner static constructor.
RoslynAnalysisRunner will not be running.
RoslynAnalysisRunner has terminated.
Mono: successfully reloaded assembly
- Completed reload, in  1.524 seconds
Platform modules already initialized, skipping
========================================================================
Worker process is ready to serve import requests
Launched and connected shader compiler UnityShaderCompiler.exe after 0.07 seconds
Refreshing native plugins compatible for Editor in 0.44 ms, found 1 plugins.
Preloading 0 native plugins for Editor in 0.00 ms.
Unloading 2068 Unused Serialized files (Serialized files now loaded: 0)
System memory in use before: 95.0 MB.
System memory in use after: 95.0 MB.

Unloading 21 unused Assets to reduce memory usage. Loaded Objects now: 2516.
Total: 2.604400 ms (FindLiveObjects: 0.238700 ms CreateObjectMapping: 0.155100 ms MarkObjects: 2.128700 ms  DeleteObjects: 0.080500 ms)

========================================================================
Received Import Request.
  path: Assets/scripts/playerInputs.inputactions
  artifactKey: Guid(a2d3f9fce0ab53247ae1f0c69ba411b0) Importer(815301076,1909f56bfc062723c751e8b465ee728b)
Start importing Assets/scripts/playerInputs.inputactions using Guid(a2d3f9fce0ab53247ae1f0c69ba411b0) Importer(815301076,1909f56bfc062723c751e8b465ee728b)  -> (artifact id: '05e705e6f44561325a6e01eb5e423254') in 0.057743 seconds
  Import took 0.062849 seconds .

========================================================================
Received Prepare
Registering precompiled user dll's ...
Registered in 0.002090 seconds.
Begin MonoManager ReloadAssembly
Native extension for WindowsStandalone target not found
Refreshing native plugins compatible for Editor in 0.40 ms, found 1 plugins.
Preloading 0 native plugins for Editor in 0.00 ms.
Invoked RoslynAnalysisRunner static constructor.
RoslynAnalysisRunner will not be running.
RoslynAnalysisRunner has terminated.
Mono: successfully reloaded assembly
- Completed reload, in  1.166 seconds
Platform modules already initialized, skipping
Refreshing native plugins compatible for Editor in 0.43 ms, found 1 plugins.
Preloading 0 native plugins for Editor in 0.00 ms.
Unloading 2059 Unused Serialized files (Serialized files now loaded: 0)
System memory in use before: 94.9 MB.
System memory in use after: 95.0 MB.

Unloading 9 unused Assets to reduce memory usage. Loaded Objects now: 2518.
Total: 2.196800 ms (FindLiveObjects: 0.192600 ms CreateObjectMapping: 0.079600 ms MarkObjects: 1.905600 ms  DeleteObjects: 0.017500 ms)

========================================================================
Received Import Request.
  Time since last request: 91.842025 seconds.
  path: Assets/scripts/PlayerMovement.cs
  artifactKey: Guid(b3645302686307c47b6af528f751a55f) Importer(815301076,1909f56bfc062723c751e8b465ee728b)
Start importing Assets/scripts/PlayerMovement.cs using Guid(b3645302686307c47b6af528f751a55f) Importer(815301076,1909f56bfc062723c751e8b465ee728b)  -> (artifact id: '160cf8db21aea318b9c01317cc0e1c33') in 0.020544 seconds
  Import took 0.024189 seconds .

========================================================================
Received Prepare
Registering precompiled user dll's ...
Registered in 0.009402 seconds.
Begin MonoManager ReloadAssembly
Native extension for WindowsStandalone target not found
Refreshing native plugins compatible for Editor in 0.51 ms, found 1 plugins.
Preloading 0 native plugins for Editor in 0.00 ms.
Invoked RoslynAnalysisRunner static constructor.
RoslynAnalysisRunner will not be running.
RoslynAnalysisRunner has terminated.
Mono: successfully reloaded assembly
- Completed reload, in  7.944 seconds
Platform modules already initialized, skipping
Refreshing native plugins compatible for Editor in 0.73 ms, found 1 plugins.
Preloading 0 native plugins for Editor in 0.00 ms.
Unloading 2059 Unused Serialized files (Serialized files now loaded: 0)
System memory in use before: 95.0 MB.
System memory in use after: 95.1 MB.

Unloading 9 unused Assets to reduce memory usage. Loaded Objects now: 2520.
Total: 30.011300 ms (FindLiveObjects: 0.418600 ms CreateObjectMapping: 0.401500 ms MarkObjects: 29.162600 ms  DeleteObjects: 0.026100 ms)

========================================================================
Received Prepare
Registering precompiled user dll's ...
Registered in 0.011713 seconds.
Begin MonoManager ReloadAssembly
Native extension for WindowsStandalone target not found
Refreshing native plugins compatible for Editor in 1.31 ms, found 1 plugins.
Preloading 0 native plugins for Editor in 0.00 ms.
Invoked RoslynAnalysisRunner static constructor.
RoslynAnalysisRunner will not be running.
RoslynAnalysisRunner has terminated.
Mono: successfully reloaded assembly
- Completed reload, in  2.179 seconds
Platform modules already initialized, skipping
Refreshing native plugins compatible for Editor in 0.58 ms, found 1 plugins.
Preloading 0 native plugins for Editor in 0.00 ms.
Unloading 2059 Unused Serialized files (Serialized files now loaded: 0)
System memory in use before: 95.1 MB.
System memory in use after: 95.2 MB.

Unloading 9 unused Assets to reduce memory usage. Loaded Objects now: 2522.
Total: 6.164400 ms (FindLiveObjects: 1.083200 ms CreateObjectMapping: 0.281000 ms MarkObjects: 4.765600 ms  DeleteObjects: 0.029800 ms)

========================================================================
Received Prepare
Registering precompiled user dll's ...
Registered in 0.004303 seconds.
Begin MonoManager ReloadAssembly
Native extension for WindowsStandalone target not found
Refreshing native plugins compatible for Editor in 0.64 ms, found 1 plugins.
Preloading 0 native plugins for Editor in 0.00 ms.
Invoked RoslynAnalysisRunner static constructor.
RoslynAnalysisRunner will not be running.
RoslynAnalysisRunner has terminated.
Mono: successfully reloaded assembly
- Completed reload, in  2.224 seconds
Platform modules already initialized, skipping
Refreshing native plugins compatible for Editor in 0.57 ms, found 1 plugins.
Preloading 0 native plugins for Editor in 0.00 ms.
Unloading 2059 Unused Serialized files (Serialized files now loaded: 0)
System memory in use before: 95.2 MB.
System memory in use after: 95.3 MB.

Unloading 9 unused Assets to reduce memory usage. Loaded Objects now: 2524.
Total: 3.464800 ms (FindLiveObjects: 0.318100 ms CreateObjectMapping: 0.157800 ms MarkObjects: 2.964900 ms  DeleteObjects: 0.022300 ms)

========================================================================
Received Import Request.
  Time since last request: 778.699296 seconds.
  path: Assets/scripts/playerInputs.inputactions
  artifactKey: Guid(a2d3f9fce0ab53247ae1f0c69ba411b0) Importer(815301076,1909f56bfc062723c751e8b465ee728b)
Start importing Assets/scripts/playerInputs.inputactions using Guid(a2d3f9fce0ab53247ae1f0c69ba411b0) Importer(815301076,1909f56bfc062723c751e8b465ee728b)  -> (artifact id: '245c37d4c6eaac52140e142e078cbd2e') in 0.035366 seconds
  Import took 0.041051 seconds .

========================================================================
Received Import Request.
  Time since last request: 0.848701 seconds.
  path: Assets/scripts/playerInputs.inputactions
  artifactKey: Guid(a2d3f9fce0ab53247ae1f0c69ba411b0) Importer(815301076,1909f56bfc062723c751e8b465ee728b)
Start importing Assets/scripts/playerInputs.inputactions using Guid(a2d3f9fce0ab53247ae1f0c69ba411b0) Importer(815301076,1909f56bfc062723c751e8b465ee728b)  -> (artifact id: '6a21a82cd880b01bcb8976fa0ba71e03') in 0.018568 seconds
  Import took 0.032243 seconds .

========================================================================
Received Prepare
Registering precompiled user dll's ...
Registered in 0.002769 seconds.
Begin MonoManager ReloadAssembly
Native extension for WindowsStandalone target not found
Refreshing native plugins compatible for Editor in 4.38 ms, found 1 plugins.
Preloading 0 native plugins for Editor in 0.00 ms.
Invoked RoslynAnalysisRunner static constructor.
RoslynAnalysisRunner will not be running.
RoslynAnalysisRunner has terminated.
Mono: successfully reloaded assembly
- Completed reload, in 11.445 seconds
Platform modules already initialized, skipping
Refreshing native plugins compatible for Editor in 0.81 ms, found 1 plugins.
Preloading 0 native plugins for Editor in 0.00 ms.
Unloading 2059 Unused Serialized files (Serialized files now loaded: 0)
System memory in use before: 95.3 MB.
System memory in use after: 95.4 MB.

Unloading 9 unused Assets to reduce memory usage. Loaded Objects now: 2526.
Total: 21.340500 ms (FindLiveObjects: 11.660600 ms CreateObjectMapping: 0.636700 ms MarkObjects: 9.016900 ms  DeleteObjects: 0.024400 ms)

========================================================================
Received Prepare
Registering precompiled user dll's ...
Registered in 0.005422 seconds.
Begin MonoManager ReloadAssembly
Native extension for WindowsStandalone target not found
Refreshing native plugins compatible for Editor in 1.33 ms, found 1 plugins.
Preloading 0 native plugins for Editor in 0.00 ms.
Invoked RoslynAnalysisRunner static constructor.
RoslynAnalysisRunner will not be running.
RoslynAnalysisRunner has terminated.
Mono: successfully reloaded assembly
- Completed reload, in  1.969 seconds
Platform modules already initialized, skipping
Refreshing native plugins compatible for Editor in 0.60 ms, found 1 plugins.
Preloading 0 native plugins for Editor in 0.00 ms.
Unloading 2059 Unused Serialized files (Serialized files now loaded: 0)
System memory in use before: 95.4 MB.
System memory in use after: 95.5 MB.

Unloading 9 unused Assets to reduce memory usage. Loaded Objects now: 2528.
Total: 4.237800 ms (FindLiveObjects: 0.767700 ms CreateObjectMapping: 0.154100 ms MarkObjects: 3.290300 ms  DeleteObjects: 0.023200 ms)

========================================================================
Received Prepare
Registering precompiled user dll's ...
Registered in 0.002904 seconds.
Begin MonoManager ReloadAssembly
Native extension for WindowsStandalone target not found
Refreshing native plugins compatible for Editor in 0.63 ms, found 1 plugins.
Preloading 0 native plugins for Editor in 0.00 ms.
Invoked RoslynAnalysisRunner static constructor.
RoslynAnalysisRunner will not be running.
RoslynAnalysisRunner has terminated.
Mono: successfully reloaded assembly
- Completed reload, in  7.105 seconds
Platform modules already initialized, skipping
Refreshing native plugins compatible for Editor in 0.47 ms, found 1 plugins.
Preloading 0 native plugins for Editor in 0.00 ms.
Unloading 2059 Unused Serialized files (Serialized files now loaded: 0)
System memory in use before: 95.4 MB.
System memory in use after: 95.6 MB.

Unloading 9 unused Assets to reduce memory usage. Loaded Objects now: 2530.
Total: 3.865300 ms (FindLiveObjects: 0.384900 ms CreateObjectMapping: 0.633300 ms MarkObjects: 2.822900 ms  DeleteObjects: 0.020800 ms)

========================================================================
Received Prepare
Registering precompiled user dll's ...
Registered in 0.011947 seconds.
Begin MonoManager ReloadAssembly
Native extension for WindowsStandalone target not found
Refreshing native plugins compatible for Editor in 1.00 ms, found 1 plugins.
Preloading 0 native plugins for Editor in 0.00 ms.
Invoked RoslynAnalysisRunner static constructor.
RoslynAnalysisRunner will not be running.
RoslynAnalysisRunner has terminated.
Mono: successfully reloaded assembly
- Completed reload, in  7.449 seconds
Platform modules already initialized, skipping
Refreshing native plugins compatible for Editor in 0.49 ms, found 1 plugins.
Preloading 0 native plugins for Editor in 0.00 ms.
Unloading 2059 Unused Serialized files (Serialized files now loaded: 0)
System memory in use before: 95.5 MB.
System memory in use after: 95.6 MB.

Unloading 9 unused Assets to reduce memory usage. Loaded Objects now: 2532.
Total: 4.925800 ms (FindLiveObjects: 0.432900 ms CreateObjectMapping: 0.291100 ms MarkObjects: 4.176300 ms  DeleteObjects: 0.022900 ms)

========================================================================
Received Prepare
Registering precompiled user dll's ...
Registered in 0.004119 seconds.
Begin MonoManager ReloadAssembly
Native extension for WindowsStandalone target not found
Refreshing native plugins compatible for Editor in 0.64 ms, found 1 plugins.
Preloading 0 native plugins for Editor in 0.00 ms.
Invoked RoslynAnalysisRunner static constructor.
RoslynAnalysisRunner will not be running.
RoslynAnalysisRunner has terminated.
Mono: successfully reloaded assembly
- Completed reload, in  2.139 seconds
Platform modules already initialized, skipping
Refreshing native plugins compatible for Editor in 0.74 ms, found 1 plugins.
Preloading 0 native plugins for Editor in 0.00 ms.
Unloading 2059 Unused Serialized files (Serialized files now loaded: 0)
System memory in use before: 95.6 MB.
System memory in use after: 95.7 MB.

Unloading 9 unused Assets to reduce memory usage. Loaded Objects now: 2534.
Total: 4.829000 ms (FindLiveObjects: 0.786200 ms CreateObjectMapping: 0.225200 ms MarkObjects: 3.765200 ms  DeleteObjects: 0.049800 ms)

========================================================================
Received Prepare
Registering precompiled user dll's ...
Registered in 0.018166 seconds.
Begin MonoManager ReloadAssembly
Native extension for WindowsStandalone target not found
Refreshing native plugins compatible for Editor in 4.80 ms, found 1 plugins.
Preloading 0 native plugins for Editor in 0.00 ms.
Invoked RoslynAnalysisRunner static constructor.
RoslynAnalysisRunner will not be running.
RoslynAnalysisRunner has terminated.
Mono: successfully reloaded assembly
- Completed reload, in  3.661 seconds
Platform modules already initialized, skipping
Refreshing native plugins compatible for Editor in 0.47 ms, found 1 plugins.
Preloading 0 native plugins for Editor in 0.00 ms.
Unloading 2059 Unused Serialized files (Serialized files now loaded: 0)
System memory in use before: 95.7 MB.
System memory in use after: 95.8 MB.

Unloading 9 unused Assets to reduce memory usage. Loaded Objects now: 2536.
Total: 7.260100 ms (FindLiveObjects: 0.230400 ms CreateObjectMapping: 0.166800 ms MarkObjects: 6.839200 ms  DeleteObjects: 0.021800 ms)

========================================================================
Received Prepare
Registering precompiled user dll's ...
Registered in 0.001965 seconds.
Begin MonoManager ReloadAssembly
Native extension for WindowsStandalone target not found
Refreshing native plugins compatible for Editor in 0.42 ms, found 1 plugins.
Preloading 0 native plugins for Editor in 0.00 ms.
Invoked RoslynAnalysisRunner static constructor.
RoslynAnalysisRunner will not be running.
RoslynAnalysisRunner has terminated.
Mono: successfully reloaded assembly
- Completed reload, in  1.265 seconds
Platform modules already initialized, skipping
Refreshing native plugins compatible for Editor in 0.52 ms, found 1 plugins.
Preloading 0 native plugins for Editor in 0.00 ms.
Unloading 2059 Unused Serialized files (Serialized files now loaded: 0)
System memory in use before: 95.7 MB.
System memory in use after: 95.9 MB.

Unloading 9 unused Assets to reduce memory usage. Loaded Objects now: 2538.
Total: 2.057400 ms (FindLiveObjects: 0.197100 ms CreateObjectMapping: 0.074900 ms MarkObjects: 1.766700 ms  DeleteObjects: 0.017400 ms)

========================================================================
Received Prepare
Registering precompiled user dll's ...
Registered in 0.001899 seconds.
Begin MonoManager ReloadAssembly
Native extension for WindowsStandalone target not found
Refreshing native plugins compatible for Editor in 0.57 ms, found 1 plugins.
Preloading 0 native plugins for Editor in 0.00 ms.
Invoked RoslynAnalysisRunner static constructor.
RoslynAnalysisRunner will not be running.
RoslynAnalysisRunner has terminated.
Mono: successfully reloaded assembly
- Completed reload, in  1.310 seconds
Platform modules already initialized, skipping
Refreshing native plugins compatible for Editor in 0.40 ms, found 1 plugins.
Preloading 0 native plugins for Editor in 0.00 ms.
Unloading 2059 Unused Serialized files (Serialized files now loaded: 0)
System memory in use before: 95.8 MB.
System memory in use after: 95.9 MB.

Unloading 9 unused Assets to reduce memory usage. Loaded Objects now: 2540.
Total: 2.008400 ms (FindLiveObjects: 0.191400 ms CreateObjectMapping: 0.076200 ms MarkObjects: 1.725000 ms  DeleteObjects: 0.014800 ms)

========================================================================
Received Prepare
Registering precompiled user dll's ...
Registered in 0.002186 seconds.
Begin MonoManager ReloadAssembly
Native extension for WindowsStandalone target not found
Refreshing native plugins compatible for Editor in 0.42 ms, found 1 plugins.
Preloading 0 native plugins for Editor in 0.00 ms.
Invoked RoslynAnalysisRunner static constructor.
RoslynAnalysisRunner will not be running.
RoslynAnalysisRunner has terminated.
Mono: successfully reloaded assembly
- Completed reload, in  1.208 seconds
Platform modules already initialized, skipping
Refreshing native plugins compatible for Editor in 0.42 ms, found 1 plugins.
Preloading 0 native plugins for Editor in 0.00 ms.
Unloading 2059 Unused Serialized files (Serialized files now loaded: 0)
System memory in use before: 95.9 MB.
System memory in use after: 96.0 MB.

Unloading 9 unused Assets to reduce memory usage. Loaded Objects now: 2542.
Total: 2.024700 ms (FindLiveObjects: 0.203800 ms CreateObjectMapping: 0.105100 ms MarkObjects: 1.666700 ms  DeleteObjects: 0.048100 ms)

========================================================================
Received Prepare
Registering precompiled user dll's ...
Registered in 0.001939 seconds.
Begin MonoManager ReloadAssembly
Native extension for WindowsStandalone target not found
Refreshing native plugins compatible for Editor in 0.55 ms, found 1 plugins.
Preloading 0 native plugins for Editor in 0.00 ms.
Invoked RoslynAnalysisRunner static constructor.
RoslynAnalysisRunner will not be running.
RoslynAnalysisRunner has terminated.
Mono: successfully reloaded assembly
- Completed reload, in  1.258 seconds
Platform modules already initialized, skipping
Refreshing native plugins compatible for Editor in 0.43 ms, found 1 plugins.
Preloading 0 native plugins for Editor in 0.00 ms.
Unloading 2059 Unused Serialized files (Serialized files now loaded: 0)
System memory in use before: 95.9 MB.
System memory in use after: 96.0 MB.

Unloading 9 unused Assets to reduce memory usage. Loaded Objects now: 2544.
Total: 2.152600 ms (FindLiveObjects: 0.255700 ms CreateObjectMapping: 0.099600 ms MarkObjects: 1.779200 ms  DeleteObjects: 0.017000 ms)

========================================================================
Received Prepare
Registering precompiled user dll's ...
Registered in 0.002790 seconds.
Begin MonoManager ReloadAssembly
Native extension for WindowsStandalone target not found
Refreshing native plugins compatible for Editor in 0.55 ms, found 1 plugins.
Preloading 0 native plugins for Editor in 0.00 ms.
Invoked RoslynAnalysisRunner static constructor.
RoslynAnalysisRunner will not be running.
RoslynAnalysisRunner has terminated.
Mono: successfully reloaded assembly
- Completed reload, in  4.180 seconds
Platform modules already initialized, skipping
Refreshing native plugins compatible for Editor in 0.91 ms, found 1 plugins.
Preloading 0 native plugins for Editor in 0.00 ms.
Unloading 2059 Unused Serialized files (Serialized files now loaded: 0)
System memory in use before: 96.0 MB.
System memory in use after: 96.1 MB.

Unloading 9 unused Assets to reduce memory usage. Loaded Objects now: 2546.
Total: 50.819900 ms (FindLiveObjects: 0.253600 ms CreateObjectMapping: 0.120700 ms MarkObjects: 50.421300 ms  DeleteObjects: 0.022700 ms)

========================================================================
Received Import Request.
  Time since last request: 963.684617 seconds.
  path: Assets/scripts/playerInputs.inputactions
  artifactKey: Guid(a2d3f9fce0ab53247ae1f0c69ba411b0) Importer(815301076,1909f56bfc062723c751e8b465ee728b)
Start importing Assets/scripts/playerInputs.inputactions using Guid(a2d3f9fce0ab53247ae1f0c69ba411b0) Importer(815301076,1909f56bfc062723c751e8b465ee728b)  -> (artifact id: '6504a3d90add8ac694fcc1a967d33679') in 0.040152 seconds
  Import took 0.074643 seconds .

========================================================================
Received Import Request.
  Time since last request: 15.299044 seconds.
  path: Assets/scripts/playerInputs.inputactions
  artifactKey: Guid(a2d3f9fce0ab53247ae1f0c69ba411b0) Importer(815301076,1909f56bfc062723c751e8b465ee728b)
Start importing Assets/scripts/playerInputs.inputactions using Guid(a2d3f9fce0ab53247ae1f0c69ba411b0) Importer(815301076,1909f56bfc062723c751e8b465ee728b)  -> (artifact id: 'f36be15534d7b3fc7129983a77ee0bab') in 0.021102 seconds
  Import took 0.026910 seconds .

========================================================================
Received Import Request.
  Time since last request: 90.139219 seconds.
  path: Assets/scripts
  artifactKey: Guid(c9797ce0262ba8d4d8879bb2e4cb86b6) Importer(815301076,1909f56bfc062723c751e8b465ee728b)
Start importing Assets/scripts using Guid(c9797ce0262ba8d4d8879bb2e4cb86b6) Importer(815301076,1909f56bfc062723c751e8b465ee728b)  -> (artifact id: 'dc957a5d1419efed7d7c0887d3793593') in 0.034771 seconds
  Import took 0.062592 seconds .

========================================================================
Received Import Request.
  Time since last request: 45.310128 seconds.
  path: Assets/scripts/player_movement.cs
  artifactKey: Guid(4767b549b344e324ab1763d004bbdc1e) Importer(815301076,1909f56bfc062723c751e8b465ee728b)
Start importing Assets/scripts/player_movement.cs using Guid(4767b549b344e324ab1763d004bbdc1e) Importer(815301076,1909f56bfc062723c751e8b465ee728b)  -> (artifact id: '7435cc524e8e5c9c585e8acba6652ab6') in 0.115482 seconds
  Import took 0.144585 seconds .

========================================================================
Received Prepare
Registering precompiled user dll's ...
Registered in 0.005743 seconds.
Begin MonoManager ReloadAssembly
Native extension for WindowsStandalone target not found
Refreshing native plugins compatible for Editor in 0.76 ms, found 1 plugins.
Preloading 0 native plugins for Editor in 0.00 ms.
Invoked RoslynAnalysisRunner static constructor.
RoslynAnalysisRunner will not be running.
RoslynAnalysisRunner has terminated.
Mono: successfully reloaded assembly
- Completed reload, in 10.877 seconds
Platform modules already initialized, skipping
Refreshing native plugins compatible for Editor in 1.61 ms, found 1 plugins.
Preloading 0 native plugins for Editor in 0.00 ms.
Unloading 2059 Unused Serialized files (Serialized files now loaded: 0)
System memory in use before: 96.1 MB.
System memory in use after: 96.2 MB.

Unloading 9 unused Assets to reduce memory usage. Loaded Objects now: 2548.
Total: 4.638900 ms (FindLiveObjects: 0.354200 ms CreateObjectMapping: 0.248700 ms MarkObjects: 3.932700 ms  DeleteObjects: 0.101300 ms)

AssetImportWorkerClient::OnTransportError - code=2 error=End of file
